  Articulos.cpp
C:\Users\micau\Documents\Valen\1er Cuatri 2023\LP1\TP CAMBIOS2\TP1_CODIGO_SOLUCION\TP1_CODIGO\Model\Articulos.cpp(33,16): warning C4244: 'return': conversión de 'unsigned int' a 'float'; posible pérdida de datos
  Articulos_CocinayBano_Bazar.cpp
  Articulos_Electricidad.cpp
C:\Users\micau\Documents\Valen\1er Cuatri 2023\LP1\TP CAMBIOS2\TP1_CODIGO_SOLUCION\TP1_CODIGO\Model\Articulos_Electricidad.h(11,9): warning C4067: símbolos (token) inesperados después de la directiva del preprocesador; se esperaba una nueva línea
C:\Users\micau\Documents\Valen\1er Cuatri 2023\LP1\TP CAMBIOS2\TP1_CODIGO_SOLUCION\TP1_CODIGO\Model\Articulos_Electricidad.h(12,9): warning C4067: símbolos (token) inesperados después de la directiva del preprocesador; se esperaba una nueva línea
  Articulos_Ferreteria.cpp
C:\Users\micau\Documents\Valen\1er Cuatri 2023\LP1\TP CAMBIOS2\TP1_CODIGO_SOLUCION\TP1_CODIGO\Model\Articulos_Ferreteria.h(11,9): warning C4067: símbolos (token) inesperados después de la directiva del preprocesador; se esperaba una nueva línea
  Cliente.cpp
  Duenyo_ferreteria.cpp
C:\Users\micau\Documents\Valen\1er Cuatri 2023\LP1\TP CAMBIOS2\TP1_CODIGO_SOLUCION\TP1_CODIGO\Model\Duenyo_ferreteria.h(11,9): warning C4067: símbolos (token) inesperados después de la directiva del preprocesador; se esperaba una nueva línea
  Ferreteria.cpp
  Herramientas.cpp
  stock.cpp
  main.cpp
C:\Users\micau\Documents\Valen\1er Cuatri 2023\LP1\TP CAMBIOS2\TP1_CODIGO_SOLUCION\TP1_CODIGO\Model\Articulos_Electricidad.h(11,9): warning C4067: símbolos (token) inesperados después de la directiva del preprocesador; se esperaba una nueva línea
C:\Users\micau\Documents\Valen\1er Cuatri 2023\LP1\TP CAMBIOS2\TP1_CODIGO_SOLUCION\TP1_CODIGO\Model\Articulos_Electricidad.h(12,9): warning C4067: símbolos (token) inesperados después de la directiva del preprocesador; se esperaba una nueva línea
C:\Users\micau\Documents\Valen\1er Cuatri 2023\LP1\TP CAMBIOS2\TP1_CODIGO_SOLUCION\TP1_CODIGO\Model\Articulos_Ferreteria.h(11,9): warning C4067: símbolos (token) inesperados después de la directiva del preprocesador; se esperaba una nueva línea
C:\Users\micau\Documents\Valen\1er Cuatri 2023\LP1\TP CAMBIOS2\TP1_CODIGO_SOLUCION\TP1_CODIGO\main.cpp(30,100): warning C4305: 'argumento': truncamiento de 'double' a 'float'
C:\Users\micau\Documents\Valen\1er Cuatri 2023\LP1\TP CAMBIOS2\TP1_CODIGO_SOLUCION\TP1_CODIGO\main.cpp(31,101): warning C4305: 'argumento': truncamiento de 'double' a 'float'
  Generando código...
  TP1_CODIGO.vcxproj -> C:\Users\micau\Documents\Valen\1er Cuatri 2023\LP1\TP CAMBIOS2\TP1_CODIGO_SOLUCION\x64\Debug\TP1_CODIGO.exe
